###############################################################################
#
# IAR C/C++ Compiler V7.21.1.1000/W32 for MSP430          18/Feb/2022  18:38:36
# Copyright 1996-2021 IAR Systems AB.
# PC-locked license - IAR Embedded Workbench for MSP430, 8K KickStart Edition 7.21
#
#    __rt_version  =  3
#    __double_size =  32
#    __reg_r4      =  free
#    __reg_r5      =  free
#    __pic         =  no
#    __core        =  430X
#    __data_model  =  small
#    __code_model  =  large
#    Source file   =  
#        C:\Users\mwg22\OneDrive\Desktop\ECE306-Project\interrupts.c
#    Command line  =  
#        -f C:\Users\mwg22\AppData\Local\Temp\EW79FE.tmp
#        (C:\Users\mwg22\OneDrive\Desktop\ECE306-Project\interrupts.c -lC
#        C:\Users\mwg22\OneDrive\Desktop\ECE306-Project\Debug\List -o
#        C:\Users\mwg22\OneDrive\Desktop\ECE306-Project\Debug\Obj --no_cse
#        --no_unroll --no_inline --no_code_motion --no_tbaa --debug
#        -D__MSP430FR2355__ -e --double=32 --dlib_config "C:\Program Files
#        (x86)\IAR Systems\Embedded Workbench 8.5\430\lib\dlib\dl430xlsfn.h" -I
#        ./ --core=430X --data_model=small -On --multiplier=32
#        --hw_workaround=CPU40 --code_model=large)
#    Locale        =  English_USA.1252
#    List file     =  
#        C:\Users\mwg22\OneDrive\Desktop\ECE306-Project\Debug\List\interrupts.lst
#    Object file   =  
#        C:\Users\mwg22\OneDrive\Desktop\ECE306-Project\Debug\Obj\interrupts.r43
#
###############################################################################



 

 


Errors: none
Warnings: none
