###############################################################################
#
# IAR C/C++ Compiler V7.21.1.1000/W32 for MSP430          09/Feb/2022  11:57:16
# Copyright 1996-2021 IAR Systems AB.
# PC-locked license - IAR Embedded Workbench for MSP430, 8K KickStart Edition 7.21
#
#    __rt_version  =  3
#    __double_size =  32
#    __reg_r4      =  free
#    __reg_r5      =  free
#    __pic         =  no
#    __core        =  430X
#    __data_model  =  small
#    __code_model  =  large
#    Source file   =  C:\Users\mwg22\Desktop\ECE-306_Code\Project_03\led.c
#    Command line  =  
#        -f C:\Users\mwg22\AppData\Local\Temp\EW9A0C.tmp
#        (C:\Users\mwg22\Desktop\ECE-306_Code\Project_03\led.c -lC
#        C:\Users\mwg22\Desktop\ECE-306_Code\Project_03\Debug\List -o
#        C:\Users\mwg22\Desktop\ECE-306_Code\Project_03\Debug\Obj --no_cse
#        --no_unroll --no_inline --no_code_motion --no_tbaa --debug
#        -D__MSP430FR2355__ -e --double=32 --dlib_config "C:\Program Files
#        (x86)\IAR Systems\Embedded Workbench 8.5_2\430\lib\dlib\dl430xlsfn.h"
#        -I ./ --core=430X --data_model=small -On --multiplier=32
#        --hw_workaround=CPU40 --code_model=large)
#    Locale        =  English_USA.1252
#    List file     =  
#        C:\Users\mwg22\Desktop\ECE-306_Code\Project_03\Debug\List\led.lst
#    Object file   =  
#        C:\Users\mwg22\Desktop\ECE-306_Code\Project_03\Debug\Obj\led.r43
#
###############################################################################

C:\Users\mwg22\Desktop\ECE-306_Code\Project_03\led.c
      1          //******************************************************************************
      2          //
      3          //  Description: This file contains function definitions related to LEDs
      4          //
      5          //  Matthew Glen
      6          //  Feb 2022
      7          //  Built with IAR Embedded Workbench Version: V4.10A/W32 (5.40.1)
      8          //******************************************************************************
      9          
     10          #include "functions.h"
     11          #include "macros.h"
     12          #include "msp430.h"

   \                                 In  segment DATA16_AN, at 0x202
   \   union <unnamed> _A_PAOUT_L
   \                     _A_PAOUT_L:
   \   000000                DS8 2

   \                                 In  segment DATA16_AN, at 0x242
   \   union <unnamed> _A_PCOUT_L
   \                     _A_PCOUT_L:
   \   000000                DS8 2
     13          

   \                                 In  segment CODE, align 2
     14          void Init_LEDs(void){
   \                     Init_LEDs:
     15          //------------------------------------------------------------------------------
     16          // LED Configurations
     17          //------------------------------------------------------------------------------
     18          // Turns on both LEDs
     19            P1OUT &= ~RED_LED;
   \   000000   D2C30202     BIC.B   #0x1, &0x202
     20            P6OUT &= ~GRN_LED;
   \   000004   F2C040004302 BIC.B   #0x40, &0x243
     21          //------------------------------------------------------------------------------
     22          }
   \   00000A   1001         RETA
   \   00000C                REQUIRE _A_PAOUT_L
   \   00000C                REQUIRE _A_PCOUT_L
     23          

   Maximum stack usage in bytes:

   CSTACK Function
   ------ --------
      4   Init_LEDs


   Segment part sizes:

   Bytes  Function/Label
   -----  --------------
      12  Init_LEDs
       2  _A_PAOUT_L
       2  _A_PCOUT_L

 
 12 bytes in segment CODE
  4 bytes in segment DATA16_AN
 
 12 bytes of CODE memory
  0 bytes of DATA memory (+ 4 bytes shared)

Errors: none
Warnings: none
