###############################################################################
#
# IAR C/C++ Compiler V7.21.1.1000/W32 for MSP430          21/Feb/2022  13:20:34
# Copyright 1996-2021 IAR Systems AB.
# PC-locked license - IAR Embedded Workbench for MSP430, 8K KickStart Edition 7.21
#
#    __rt_version  =  3
#    __double_size =  32
#    __reg_r4      =  free
#    __reg_r5      =  free
#    __pic         =  no
#    __core        =  430X
#    __data_model  =  small
#    __code_model  =  large
#    Source file   =  C:\Users\mwg22\OneDrive\Desktop\ECE306-Project\program.c
#    Command line  =  
#        -f C:\Users\mwg22\AppData\Local\Temp\EW30A5.tmp
#        (C:\Users\mwg22\OneDrive\Desktop\ECE306-Project\program.c -lC
#        C:\Users\mwg22\OneDrive\Desktop\ECE306-Project\Debug\List -o
#        C:\Users\mwg22\OneDrive\Desktop\ECE306-Project\Debug\Obj --no_cse
#        --no_unroll --no_inline --no_code_motion --no_tbaa --debug
#        -D__MSP430FR2355__ -e --double=32 --dlib_config "C:\Program Files
#        (x86)\IAR Systems\Embedded Workbench 8.5\430\lib\dlib\dl430xlsfn.h" -I
#        ./ --core=430X --data_model=small -On --multiplier=32
#        --hw_workaround=CPU40 --code_model=large)
#    Locale        =  English_USA.1252
#    List file     =  
#        C:\Users\mwg22\OneDrive\Desktop\ECE306-Project\Debug\List\program.lst
#    Object file   =  
#        C:\Users\mwg22\OneDrive\Desktop\ECE306-Project\Debug\Obj\program.r43
#
###############################################################################

C:\Users\mwg22\OneDrive\Desktop\ECE306-Project\program.c
      1          #include "primitives.h"
      2          #include "program.h"
      3          #include "msp430.h"
      4          #include "switches.h"
      5          #include "display.h"
      6          #include "wheels.h"
      7          #include <string.h>
      8          
      9          /// Global Variables
     10          // Main Function

   \                                 In  segment DATA16_Z, align 2, align-sorted
   \   000000                REQUIRE ?cstart_init_zero
     11          unsigned int STARTUP_TIME = 0;
   \                     STARTUP_TIME:
   \   000000                DS8 2

   \                                 In  segment DATA16_Z, align 1, align-sorted
   \   000000                REQUIRE ?cstart_init_zero
     12          Event CURR_EVENT = STARTUP;
   \                     CURR_EVENT:
   \   000000                DS8 1

   \                                 In  segment DATA16_I, align 1, align-sorted
   \   000000                REQUIRE ?cstart_init_copy
     13          Event CURR_SELECTION = MAIN_MENU;
   \                     CURR_SELECTION:
   \   000000                DS8 1
   \   000001                REQUIRE `?<Initializer for CURR_SELECTION>`
     14          
     15          // Circle

   \                                 In  segment DATA16_Z, align 2, align-sorted
   \   000000                REQUIRE ?cstart_init_zero
     16          unsigned int CIR_TIME = 0;
   \                     CIR_TIME:
   \   000000                DS8 2
     17          
     18          // Triangle

   \                                 In  segment DATA16_Z, align 1, align-sorted
   \   000000                REQUIRE ?cstart_init_zero
     19          TriangleState TRI_STATE = 0;
                                           ^
Warning[Pe188]: enumerated type mixed with another type
   \                     TRI_STATE:
   \   000000                DS8 1

   \                                 In  segment DATA16_Z, align 2, align-sorted
   \   000000                REQUIRE ?cstart_init_zero
     20          unsigned int TRI_TIME = 0;
   \                     TRI_TIME:
   \   000000                DS8 2

   \                                 In  segment DATA16_Z, align 2, align-sorted
   \   000000                REQUIRE ?cstart_init_zero
     21          unsigned int TRI_NUM = 0;
   \                     TRI_NUM:
   \   000000                DS8 2
     22          
     23          // Figure 8

   \                                 In  segment DATA16_Z, align 1, align-sorted
   \   000000                REQUIRE ?cstart_init_zero
     24          Figure8State FIG8_STATE = 0;
                                           ^
Warning[Pe188]: enumerated type mixed with another type
   \                     FIG8_STATE:
   \   000000                DS8 1

   \                                 In  segment DATA16_Z, align 2, align-sorted
   \   000000                REQUIRE ?cstart_init_zero
     25          unsigned int FIG8_TIME = 0;
   \                     FIG8_TIME:
   \   000000                DS8 2

   \                                 In  segment DATA16_Z, align 2, align-sorted
   \   000000                REQUIRE ?cstart_init_zero
     26          unsigned int FIG8_NUM = 0;
   \                     FIG8_NUM:
   \   000000                DS8 2
     27          

   \                                 In  segment DATA16_C, align 2, align-sorted
     28          const unsigned int CIR_ROT_TIME = 3800;
   \                     CIR_ROT_TIME:
   \   000000   D80E         DC16 3800

   \                                 In  segment DATA16_C, align 2, align-sorted
     29          const unsigned int TRI_SIDE_TIME = 300;
   \                     TRI_SIDE_TIME:
   \   000000   2C01         DC16 300

   \                                 In  segment DATA16_C, align 2, align-sorted
     30          const unsigned int TRI_ROT_TIME45 = 150;
   \                     TRI_ROT_TIME45:
   \   000000   9600         DC16 150

   \                                 In  segment DATA16_C, align 2, align-sorted
     31          const unsigned int FIG8_ROT_TIME = 800;
   \                     FIG8_ROT_TIME:
   \   000000   2003         DC16 800
     32          
     33          /// Functions
     34          // start the main program

   \                                 In  segment CODE, align 2
     35          void program_start(void) {
   \                     program_start:
   \   000000   1B15         PUSHM.W #0x2, R11
     36            switch (CURR_EVENT) {
   \   000002   5E42....     MOV.B   &CURR_EVENT, R14
   \   000006   4E83         SUB.B   #0x0, R14
   \   000008   0A24         JEQ     ??program_start_14
   \   00000A   5E83         SUB.B   #0x1, R14
   \   00000C   2D24         JEQ     ??program_start_15
   \   00000E   5E83         SUB.B   #0x1, R14
   \   000010   2625         JEQ     ??program_start_16
   \   000012   5E83         SUB.B   #0x1, R14
   \   000014   3625         JEQ     ??program_start_17
   \   000016   5E83         SUB.B   #0x1, R14
   \   000018   D525         JEQ     ??program_start_18
   \   00001A   ........     BRA     #??program_start_2
     37              case STARTUP:
     38                STARTUP_TIME++;
   \                     ??program_start_14:
   \   00001E   9253....     ADD.W   #0x1, &STARTUP_TIME
     39                if (STARTUP_TIME > 400) {
   \   000022   B2909101.... CMP.W   #0x191, &STARTUP_TIME
   \   000028   1E28         JNC     ??program_start_3
     40                  CURR_EVENT = MAIN_MENU;
   \   00002A   D243....     MOV.B   #0x1, &CURR_EVENT
     41                  strcpy(display_line[0], "MAIN  MENU");
   \   00002E   3D40....     MOV.W   #`?<Constant "MAIN  MENU">`, R13
   \   000032   3C40....     MOV.W   #display_line, R12
   \   000036   ........     CALLA   #strcpy
     42                  strcpy(display_line[1], "----------");
   \   00003A   3D40....     MOV.W   #`?<Constant "----------">`, R13
   \   00003E   3C40....     MOV.W   #display_line + 11, R12
   \   000042   ........     CALLA   #strcpy
     43                  strcpy(display_line[2], "<- RUN    ");
   \   000046   3D40....     MOV.W   #`?<Constant "<- RUN    ">`, R13
   \   00004A   3C40....     MOV.W   #display_line + 22, R12
   \   00004E   ........     CALLA   #strcpy
     44                  strcpy(display_line[3], "   NEXT ->");
   \   000052   3D40....     MOV.W   #`?<Constant "   NEXT ->">`, R13
   \   000056   3C40....     MOV.W   #display_line + 33, R12
   \   00005A   ........     CALLA   #strcpy
     45                  display_changed = TRUE; 
   \   00005E   D243....     MOV.B   #0x1, &display_changed
     46                  STARTUP_TIME = 0;
   \   000062   8243....     MOV.W   #0x0, &STARTUP_TIME
     47                }
     48                break;
   \                     ??program_start_3:
   \   000066   E13D         JMP     ??program_start_2
     49                
     50              case MAIN_MENU:
     51                set_wheels_dir(0, 0);
   \                     ??program_start_15:
   \   000068   0D43         MOV.W   #0x0, R13
   \   00006A   0C43         MOV.W   #0x0, R12
   \   00006C   ........     CALLA   #set_wheels_dir
     52                switch (CURR_SELECTION) {
   \   000070   5E42....     MOV.B   &CURR_SELECTION, R14
   \   000074   5E83         SUB.B   #0x1, R14
   \   000076   0724         JEQ     ??program_start_19
   \   000078   5E83         SUB.B   #0x1, R14
   \   00007A   2924         JEQ     ??program_start_20
   \   00007C   5E83         SUB.B   #0x1, R14
   \   00007E   6A24         JEQ     ??program_start_21
   \   000080   5E83         SUB.B   #0x1, R14
   \   000082   AB24         JEQ     ??program_start_22
   \   000084   D23D         JMP     ??program_start_2
     53                  case MAIN_MENU:
     54                    if (get_sw2()) {
   \                     ??program_start_19:
   \   000086   ........     CALLA   #get_sw2
   \   00008A   4C93         CMP.B   #0x0, R12
   \   00008C   1D24         JEQ     ??program_start_23
     55                      CURR_SELECTION = DRAW_CIRCLE;
   \   00008E   E243....     MOV.B   #0x2, &CURR_SELECTION
     56                      strcpy(display_line[0], "MAIN  MENU");
   \   000092   3D40....     MOV.W   #`?<Constant "MAIN  MENU">`, R13
   \   000096   3C40....     MOV.W   #display_line, R12
   \   00009A   ........     CALLA   #strcpy
     57                      strcpy(display_line[1], "----------");
   \   00009E   3D40....     MOV.W   #`?<Constant "----------">`, R13
   \   0000A2   3C40....     MOV.W   #display_line + 11, R12
   \   0000A6   ........     CALLA   #strcpy
     58                      strcpy(display_line[2], "   DRAW   ");
   \   0000AA   3D40....     MOV.W   #`?<Constant "   DRAW   ">`, R13
   \   0000AE   3C40....     MOV.W   #display_line + 22, R12
   \   0000B2   ........     CALLA   #strcpy
     59                      strcpy(display_line[3], "  CIRCLE  ");
   \   0000B6   3D40....     MOV.W   #`?<Constant "  CIRCLE  ">`, R13
   \   0000BA   3C40....     MOV.W   #display_line + 33, R12
   \   0000BE   ........     CALLA   #strcpy
     60                      display_changed = TRUE;  
   \   0000C2   D243....     MOV.B   #0x1, &display_changed
   \   0000C6   B13D         JMP     ??program_start_2
     61                    } else get_sw1();
   \                     ??program_start_23:
   \   0000C8   ........     CALLA   #get_sw1
     62                    break;
   \   0000CC   AE3D         JMP     ??program_start_2
     63                    
     64                  case DRAW_CIRCLE:
     65                    if (get_sw2()) {
   \                     ??program_start_20:
   \   0000CE   ........     CALLA   #get_sw2
   \   0000D2   4C93         CMP.B   #0x0, R12
   \   0000D4   1E24         JEQ     ??program_start_24
     66                      CURR_SELECTION = DRAW_TRIANGLE;
   \   0000D6   F2400300.... MOV.B   #0x3, &CURR_SELECTION
     67                      strcpy(display_line[0], "MAIN  MENU");
   \   0000DC   3D40....     MOV.W   #`?<Constant "MAIN  MENU">`, R13
   \   0000E0   3C40....     MOV.W   #display_line, R12
   \   0000E4   ........     CALLA   #strcpy
     68                      strcpy(display_line[1], "----------");
   \   0000E8   3D40....     MOV.W   #`?<Constant "----------">`, R13
   \   0000EC   3C40....     MOV.W   #display_line + 11, R12
   \   0000F0   ........     CALLA   #strcpy
     69                      strcpy(display_line[2], "   DRAW   ");
   \   0000F4   3D40....     MOV.W   #`?<Constant "   DRAW   ">`, R13
   \   0000F8   3C40....     MOV.W   #display_line + 22, R12
   \   0000FC   ........     CALLA   #strcpy
     70                      strcpy(display_line[3], " TRIANGLE ");
   \   000100   3D40....     MOV.W   #`?<Constant " TRIANGLE ">`, R13
   \   000104   3C40....     MOV.W   #display_line + 33, R12
   \   000108   ........     CALLA   #strcpy
     71                      display_changed = TRUE; 
   \   00010C   D243....     MOV.B   #0x1, &display_changed
   \   000110   8C3D         JMP     ??program_start_2
     72                    } else if (get_sw1()) {
   \                     ??program_start_24:
   \   000112   ........     CALLA   #get_sw1
   \   000116   4C93         CMP.B   #0x0, R12
   \   000118   8825         JEQ     ??program_start_2
     73                      CURR_EVENT = DRAW_CIRCLE;
   \   00011A   E243....     MOV.B   #0x2, &CURR_EVENT
     74                      strcpy(display_line[0], "          ");
   \   00011E   3D40....     MOV.W   #`?<Constant "          ">`, R13
   \   000122   3C40....     MOV.W   #display_line, R12
   \   000126   ........     CALLA   #strcpy
     75                      strcpy(display_line[1], "  DRAWING ");
   \   00012A   3D40....     MOV.W   #`?<Constant "  DRAWING ">`, R13
   \   00012E   3C40....     MOV.W   #display_line + 11, R12
   \   000132   ........     CALLA   #strcpy
     76                      strcpy(display_line[2], "  CIRCLE  ");
   \   000136   3D40....     MOV.W   #`?<Constant "  CIRCLE  ">`, R13
   \   00013A   3C40....     MOV.W   #display_line + 22, R12
   \   00013E   ........     CALLA   #strcpy
     77                      strcpy(display_line[3], "          ");
   \   000142   3D40....     MOV.W   #`?<Constant "          ">`, R13
   \   000146   3C40....     MOV.W   #display_line + 33, R12
   \   00014A   ........     CALLA   #strcpy
     78                      display_changed = TRUE;  
   \   00014E   D243....     MOV.B   #0x1, &display_changed
     79                    } 
     80                    break;
   \   000152   6B3D         JMP     ??program_start_2
     81                    
     82                  case DRAW_TRIANGLE:
     83                    if (get_sw2()) {
   \                     ??program_start_21:
   \   000154   ........     CALLA   #get_sw2
   \   000158   4C93         CMP.B   #0x0, R12
   \   00015A   1D24         JEQ     ??program_start_25
     84                      CURR_SELECTION = DRAW_FIGURE8;
   \   00015C   E242....     MOV.B   #0x4, &CURR_SELECTION
     85                      strcpy(display_line[0], "MAIN  MENU");
   \   000160   3D40....     MOV.W   #`?<Constant "MAIN  MENU">`, R13
   \   000164   3C40....     MOV.W   #display_line, R12
   \   000168   ........     CALLA   #strcpy
     86                      strcpy(display_line[1], "----------");
   \   00016C   3D40....     MOV.W   #`?<Constant "----------">`, R13
   \   000170   3C40....     MOV.W   #display_line + 11, R12
   \   000174   ........     CALLA   #strcpy
     87                      strcpy(display_line[2], "   DRAW   ");
   \   000178   3D40....     MOV.W   #`?<Constant "   DRAW   ">`, R13
   \   00017C   3C40....     MOV.W   #display_line + 22, R12
   \   000180   ........     CALLA   #strcpy
     88                      strcpy(display_line[3], " FIGURE 8 ");
   \   000184   3D40....     MOV.W   #`?<Constant " FIGURE 8 ">`, R13
   \   000188   3C40....     MOV.W   #display_line + 33, R12
   \   00018C   ........     CALLA   #strcpy
     89                      display_changed = TRUE; 
   \   000190   D243....     MOV.B   #0x1, &display_changed
   \   000194   4A3D         JMP     ??program_start_2
     90                    } else if (get_sw1()) {
   \                     ??program_start_25:
   \   000196   ........     CALLA   #get_sw1
   \   00019A   4C93         CMP.B   #0x0, R12
   \   00019C   4625         JEQ     ??program_start_2
     91                      CURR_EVENT = DRAW_TRIANGLE;
   \   00019E   F2400300.... MOV.B   #0x3, &CURR_EVENT
     92                      strcpy(display_line[0], "          ");
   \   0001A4   3D40....     MOV.W   #`?<Constant "          ">`, R13
   \   0001A8   3C40....     MOV.W   #display_line, R12
   \   0001AC   ........     CALLA   #strcpy
     93                      strcpy(display_line[1], "  DRAWING ");
   \   0001B0   3D40....     MOV.W   #`?<Constant "  DRAWING ">`, R13
   \   0001B4   3C40....     MOV.W   #display_line + 11, R12
   \   0001B8   ........     CALLA   #strcpy
     94                      strcpy(display_line[2], " Triangle ");
   \   0001BC   3D40....     MOV.W   #`?<Constant " Triangle ">`, R13
   \   0001C0   3C40....     MOV.W   #display_line + 22, R12
   \   0001C4   ........     CALLA   #strcpy
     95                      strcpy(display_line[3], "          ");
   \   0001C8   3D40....     MOV.W   #`?<Constant "          ">`, R13
   \   0001CC   3C40....     MOV.W   #display_line + 33, R12
   \   0001D0   ........     CALLA   #strcpy
     96                      display_changed = TRUE; 
   \   0001D4   D243....     MOV.B   #0x1, &display_changed
     97                    }
     98                    break;
   \   0001D8   283D         JMP     ??program_start_2
     99                    
    100                  case DRAW_FIGURE8:
    101                    if (get_sw2()) {
   \                     ??program_start_22:
   \   0001DA   ........     CALLA   #get_sw2
   \   0001DE   4C93         CMP.B   #0x0, R12
   \   0001E0   1D24         JEQ     ??program_start_26
    102                      CURR_SELECTION = DRAW_CIRCLE;
   \   0001E2   E243....     MOV.B   #0x2, &CURR_SELECTION
    103                      strcpy(display_line[0], "MAIN  MENU");
   \   0001E6   3D40....     MOV.W   #`?<Constant "MAIN  MENU">`, R13
   \   0001EA   3C40....     MOV.W   #display_line, R12
   \   0001EE   ........     CALLA   #strcpy
    104                      strcpy(display_line[1], "----------");
   \   0001F2   3D40....     MOV.W   #`?<Constant "----------">`, R13
   \   0001F6   3C40....     MOV.W   #display_line + 11, R12
   \   0001FA   ........     CALLA   #strcpy
    105                      strcpy(display_line[2], "   DRAW   ");
   \   0001FE   3D40....     MOV.W   #`?<Constant "   DRAW   ">`, R13
   \   000202   3C40....     MOV.W   #display_line + 22, R12
   \   000206   ........     CALLA   #strcpy
    106                      strcpy(display_line[3], "  CIRCLE  ");
   \   00020A   3D40....     MOV.W   #`?<Constant "  CIRCLE  ">`, R13
   \   00020E   3C40....     MOV.W   #display_line + 33, R12
   \   000212   ........     CALLA   #strcpy
    107                      display_changed = TRUE;  
   \   000216   D243....     MOV.B   #0x1, &display_changed
   \   00021A   073D         JMP     ??program_start_2
    108                    } else if (get_sw1()) {
   \                     ??program_start_26:
   \   00021C   ........     CALLA   #get_sw1
   \   000220   4C93         CMP.B   #0x0, R12
   \   000222   0325         JEQ     ??program_start_2
    109                      CURR_EVENT = DRAW_FIGURE8;
   \   000224   E242....     MOV.B   #0x4, &CURR_EVENT
    110                      strcpy(display_line[0], "          ");
   \   000228   3D40....     MOV.W   #`?<Constant "          ">`, R13
   \   00022C   3C40....     MOV.W   #display_line, R12
   \   000230   ........     CALLA   #strcpy
    111                      strcpy(display_line[1], "  DRAWING ");
   \   000234   3D40....     MOV.W   #`?<Constant "  DRAWING ">`, R13
   \   000238   3C40....     MOV.W   #display_line + 11, R12
   \   00023C   ........     CALLA   #strcpy
    112                      strcpy(display_line[2], " Figure 8 ");
   \   000240   3D40....     MOV.W   #`?<Constant " Figure 8 ">`, R13
   \   000244   3C40....     MOV.W   #display_line + 22, R12
   \   000248   ........     CALLA   #strcpy
    113                      strcpy(display_line[3], "          ");
   \   00024C   3D40....     MOV.W   #`?<Constant "          ">`, R13
   \   000250   3C40....     MOV.W   #display_line + 33, R12
   \   000254   ........     CALLA   #strcpy
    114                      display_changed = TRUE; 
   \   000258   D243....     MOV.B   #0x1, &display_changed
    115                    }
    116                    break;
    117                }
    118                break;
   \   00025C   E63C         JMP     ??program_start_2
    119                
    120              case DRAW_CIRCLE:
    121                if (CIR_TIME >= CIR_ROT_TIME) {
   \                     ??program_start_16:
   \   00025E   9292........ CMP.W   &CIR_ROT_TIME, &CIR_TIME
   \   000264   0528         JNC     ??program_start_27
    122                  CIR_TIME = 0;
   \   000266   8243....     MOV.W   #0x0, &CIR_TIME
    123                  CURR_EVENT = MAIN_MENU;
   \   00026A   D243....     MOV.B   #0x1, &CURR_EVENT
   \   00026E   DD3C         JMP     ??program_start_2
    124                } else {
    125                  CIR_TIME++;
   \                     ??program_start_27:
   \   000270   9253....     ADD.W   #0x1, &CIR_TIME
    126                  set_wheels_dir(25, 100);
   \   000274   3D406400     MOV.W   #0x64, R13
   \   000278   3C401900     MOV.W   #0x19, R12
   \   00027C   ........     CALLA   #set_wheels_dir
    127                }
    128                break;
   \   000280   D43C         JMP     ??program_start_2
    129                
    130              case DRAW_TRIANGLE:
    131                
    132                switch (TRI_STATE) {
   \                     ??program_start_17:
   \   000282   5E42....     MOV.B   &TRI_STATE, R14
   \   000286   4E83         SUB.B   #0x0, R14
   \   000288   0B24         JEQ     ??program_start_28
   \   00028A   5E83         SUB.B   #0x1, R14
   \   00028C   1B24         JEQ     ??program_start_29
   \   00028E   5E83         SUB.B   #0x1, R14
   \   000290   2C24         JEQ     ??program_start_30
   \   000292   5E83         SUB.B   #0x1, R14
   \   000294   3C24         JEQ     ??program_start_31
   \   000296   5E83         SUB.B   #0x1, R14
   \   000298   4D24         JEQ     ??program_start_32
   \   00029A   5E83         SUB.B   #0x1, R14
   \   00029C   7E24         JEQ     ??program_start_33
   \   00029E   C53C         JMP     ??program_start_2
    133                  case DRAW_SIDE1:
    134                    if (TRI_TIME >= TRI_SIDE_TIME) {
   \                     ??program_start_28:
   \   0002A0   9292........ CMP.W   &TRI_SIDE_TIME, &TRI_TIME
   \   0002A6   0528         JNC     ??program_start_34
    135                      TRI_TIME = 0;
   \   0002A8   8243....     MOV.W   #0x0, &TRI_TIME
    136                      TRI_STATE++;
   \   0002AC   D253....     ADD.B   #0x1, &TRI_STATE
   \   0002B0   BC3C         JMP     ??program_start_2
    137                    } else {
    138                      TRI_TIME++;
   \                     ??program_start_34:
   \   0002B2   9253....     ADD.W   #0x1, &TRI_TIME
    139                      set_wheels_dir(50, 50);
   \   0002B6   3D403200     MOV.W   #0x32, R13
   \   0002BA   3C403200     MOV.W   #0x32, R12
   \   0002BE   ........     CALLA   #set_wheels_dir
    140                    }
    141                    break;
   \   0002C2   B33C         JMP     ??program_start_2
    142                    
    143                  case ROTATE1:
    144                    if (TRI_TIME >= TRI_ROT_TIME45*2) {
   \                     ??program_start_29:
   \   0002C4   1F42....     MOV.W   &TRI_ROT_TIME45, R15
   \   0002C8   0F5F         RLA.W   R15
   \   0002CA   829F....     CMP.W   R15, &TRI_TIME
   \   0002CE   0528         JNC     ??program_start_35
    145                      TRI_TIME = 0;
   \   0002D0   8243....     MOV.W   #0x0, &TRI_TIME
    146                      TRI_STATE++;
   \   0002D4   D253....     ADD.B   #0x1, &TRI_STATE
   \   0002D8   A83C         JMP     ??program_start_2
    147                    } else {
    148                      TRI_TIME++;
   \                     ??program_start_35:
   \   0002DA   9253....     ADD.W   #0x1, &TRI_TIME
    149                      set_wheels_dir(100, 0);
   \   0002DE   0D43         MOV.W   #0x0, R13
   \   0002E0   3C406400     MOV.W   #0x64, R12
   \   0002E4   ........     CALLA   #set_wheels_dir
    150                    }
    151                    break;
   \   0002E8   A03C         JMP     ??program_start_2
    152                    
    153                  case DRAW_SIDE2:
    154                    if (TRI_TIME >= TRI_SIDE_TIME) {
   \                     ??program_start_30:
   \   0002EA   9292........ CMP.W   &TRI_SIDE_TIME, &TRI_TIME
   \   0002F0   0528         JNC     ??program_start_36
    155                      TRI_TIME = 0;
   \   0002F2   8243....     MOV.W   #0x0, &TRI_TIME
    156                      TRI_STATE++;
   \   0002F6   D253....     ADD.B   #0x1, &TRI_STATE
   \   0002FA   973C         JMP     ??program_start_2
    157                    } else {
    158                      TRI_TIME++;
   \                     ??program_start_36:
   \   0002FC   9253....     ADD.W   #0x1, &TRI_TIME
    159                      set_wheels_dir(50, 50);
   \   000300   3D403200     MOV.W   #0x32, R13
   \   000304   3C403200     MOV.W   #0x32, R12
   \   000308   ........     CALLA   #set_wheels_dir
    160                    }
    161                    break;
   \   00030C   8E3C         JMP     ??program_start_2
    162                    
    163                  case ROTATE2:
    164                    if (TRI_TIME >= TRI_ROT_TIME45*2) { 
   \                     ??program_start_31:
   \   00030E   1F42....     MOV.W   &TRI_ROT_TIME45, R15
   \   000312   0F5F         RLA.W   R15
   \   000314   829F....     CMP.W   R15, &TRI_TIME
   \   000318   0528         JNC     ??program_start_37
    165                      TRI_TIME = 0;
   \   00031A   8243....     MOV.W   #0x0, &TRI_TIME
    166                      TRI_STATE++;
   \   00031E   D253....     ADD.B   #0x1, &TRI_STATE
   \   000322   833C         JMP     ??program_start_2
    167                    } else {
    168                      TRI_TIME++;
   \                     ??program_start_37:
   \   000324   9253....     ADD.W   #0x1, &TRI_TIME
    169                      set_wheels_dir(100, 0);
   \   000328   0D43         MOV.W   #0x0, R13
   \   00032A   3C406400     MOV.W   #0x64, R12
   \   00032E   ........     CALLA   #set_wheels_dir
    170                    }
    171                    break;
   \   000332   7B3C         JMP     ??program_start_2
    172                    
    173                  case DRAW_SIDE3:
    174                    if (TRI_TIME >= TRI_SIDE_TIME * 1.414) {
   \                     ??program_start_32:
   \   000334   1C42....     MOV.W   &TRI_TIME, R12
   \   000338   0D43         MOV.W   #0x0, R13
   \   00033A   ........     CALLA   #_Cast32uto32f
   \   00033E   0A4C         MOV.W   R12, R10
   \   000340   0B4D         MOV.W   R13, R11
   \   000342   1C42....     MOV.W   &TRI_SIDE_TIME, R12
   \   000346   0D43         MOV.W   #0x0, R13
   \   000348   ........     CALLA   #_Cast32uto32f
   \   00034C   3E40F4FD     MOV.W   #0xfdf4, R14
   \   000350   3F40B43F     MOV.W   #0x3fb4, R15
   \   000354   ........     CALLA   #_Mul32f
   \   000358   0E4C         MOV.W   R12, R14
   \   00035A   0F4D         MOV.W   R13, R15
   \   00035C   0C4A         MOV.W   R10, R12
   \   00035E   0D4B         MOV.W   R11, R13
   \   000360   ........     CALLA   #?FLT_GE
   \   000364   1128         JNC     ??program_start_38
    175                      TRI_TIME = 0;
   \   000366   8243....     MOV.W   #0x0, &TRI_TIME
    176                      TRI_NUM++;
   \   00036A   9253....     ADD.W   #0x1, &TRI_NUM
    177                      if (TRI_NUM == 2) {
   \   00036E   A293....     CMP.W   #0x2, &TRI_NUM
   \   000372   0720         JNE     ??program_start_39
    178                        TRI_NUM = 0;
   \   000374   8243....     MOV.W   #0x0, &TRI_NUM
    179                        CURR_EVENT = MAIN_MENU;
   \   000378   D243....     MOV.B   #0x1, &CURR_EVENT
    180                        TRI_STATE = 0;
                                         ^
Warning[Pe188]: enumerated type mixed with another type
   \   00037C   C243....     MOV.B   #0x0, &TRI_STATE
   \   000380   543C         JMP     ??program_start_2
    181                      } else {
    182                        TRI_STATE++;
   \                     ??program_start_39:
   \   000382   D253....     ADD.B   #0x1, &TRI_STATE
   \   000386   513C         JMP     ??program_start_2
    183                      }
    184                    } else {
    185                      TRI_TIME++;
   \                     ??program_start_38:
   \   000388   9253....     ADD.W   #0x1, &TRI_TIME
    186                      set_wheels_dir(50, 50);
   \   00038C   3D403200     MOV.W   #0x32, R13
   \   000390   3C403200     MOV.W   #0x32, R12
   \   000394   ........     CALLA   #set_wheels_dir
    187                    }
    188                    break;
   \   000398   483C         JMP     ??program_start_2
    189                    
    190                  case ROTATE3:
    191                    if (TRI_TIME >= TRI_ROT_TIME45 * 3) { 
   \                     ??program_start_33:
   \   00039A   1F42....     MOV.W   &TRI_ROT_TIME45, R15
   \   00039E   0B4F         MOV.W   R15, R11
   \   0003A0                RPT     #0x2
   \   0003A0   41180B5F     ADDX.W  R15, R11
   \   0003A4   829B....     CMP.W   R11, &TRI_TIME
   \   0003A8   0528         JNC     ??program_start_40
    192                      TRI_TIME = 0;
   \   0003AA   8243....     MOV.W   #0x0, &TRI_TIME
    193                      TRI_STATE = 0;
                                       ^
Warning[Pe188]: enumerated type mixed with another type
   \   0003AE   C243....     MOV.B   #0x0, &TRI_STATE
   \   0003B2   3B3C         JMP     ??program_start_2
    194                    } else {
    195                      TRI_TIME++;
   \                     ??program_start_40:
   \   0003B4   9253....     ADD.W   #0x1, &TRI_TIME
    196                      set_wheels_dir(100, 0);
   \   0003B8   0D43         MOV.W   #0x0, R13
   \   0003BA   3C406400     MOV.W   #0x64, R12
   \   0003BE   ........     CALLA   #set_wheels_dir
    197                    }
    198                    break;
    199                    
    200                }
    201                break;
   \   0003C2   333C         JMP     ??program_start_2
    202                    
    203              case DRAW_FIGURE8:
    204                switch (FIG8_STATE) {
   \                     ??program_start_18:
   \   0003C4   5E42....     MOV.B   &FIG8_STATE, R14
   \   0003C8   4E83         SUB.B   #0x0, R14
   \   0003CA   0324         JEQ     ??program_start_41
   \   0003CC   5E83         SUB.B   #0x1, R14
   \   0003CE   1324         JEQ     ??program_start_42
   \   0003D0   2C3C         JMP     ??program_start_2
    205                  case CIRCLE1:
    206                    if (FIG8_TIME >= FIG8_ROT_TIME) {
   \                     ??program_start_41:
   \   0003D2   9292........ CMP.W   &FIG8_ROT_TIME, &FIG8_TIME
   \   0003D8   0528         JNC     ??program_start_43
    207                      FIG8_TIME = 0;
   \   0003DA   8243....     MOV.W   #0x0, &FIG8_TIME
    208                      FIG8_STATE++;
   \   0003DE   D253....     ADD.B   #0x1, &FIG8_STATE
   \   0003E2   233C         JMP     ??program_start_2
    209                    } else {
    210                      FIG8_TIME++;
   \                     ??program_start_43:
   \   0003E4   9253....     ADD.W   #0x1, &FIG8_TIME
    211                      set_wheels_dir(10, 100);
   \   0003E8   3D406400     MOV.W   #0x64, R13
   \   0003EC   3C400A00     MOV.W   #0xa, R12
   \   0003F0   ........     CALLA   #set_wheels_dir
    212                    }
    213                    break;
   \   0003F4   1A3C         JMP     ??program_start_2
    214                  case CIRCLE2: 
    215                    if (FIG8_TIME >= FIG8_ROT_TIME) {
   \                     ??program_start_42:
   \   0003F6   9292........ CMP.W   &FIG8_ROT_TIME, &FIG8_TIME
   \   0003FC   0E28         JNC     ??program_start_44
    216                      FIG8_NUM++;
   \   0003FE   9253....     ADD.W   #0x1, &FIG8_NUM
    217                      FIG8_TIME = 0;
   \   000402   8243....     MOV.W   #0x0, &FIG8_TIME
    218                      FIG8_STATE = 0;
                                        ^
Warning[Pe188]: enumerated type mixed with another type
   \   000406   C243....     MOV.B   #0x0, &FIG8_STATE
    219                      if (FIG8_NUM == 2) {
   \   00040A   A293....     CMP.W   #0x2, &FIG8_NUM
   \   00040E   0D20         JNE     ??program_start_2
    220                        FIG8_NUM = 0;
   \   000410   8243....     MOV.W   #0x0, &FIG8_NUM
    221                        CURR_EVENT = MAIN_MENU;
   \   000414   D243....     MOV.B   #0x1, &CURR_EVENT
   \   000418   083C         JMP     ??program_start_2
    222                      }
    223                    } else {
    224                      FIG8_TIME++;
   \                     ??program_start_44:
   \   00041A   9253....     ADD.W   #0x1, &FIG8_TIME
    225                      set_wheels_dir(100, 10);
   \   00041E   3D400A00     MOV.W   #0xa, R13
   \   000422   3C406400     MOV.W   #0x64, R12
   \   000426   ........     CALLA   #set_wheels_dir
    226                    }
    227                    break;
    228                }
    229                break;
    230            }
    231          }
   \                     ??program_start_2:
   \   00042A   1A17         POPM.W  #0x2, R11
   \   00042C   1001         RETA

   \                                 In  segment DATA16_ID, align 1, align-sorted
   \                     `?<Initializer for CURR_SELECTION>`:
   \   000000   01           DC8 1

   \                                 In  segment DATA16_C, align 1, align-sorted
   \                     `?<Constant "MAIN  MENU">`:
   \   000000   4D41494E2020 DC8 "MAIN  MENU"
   \            4D454E5500  

   \                                 In  segment DATA16_C, align 1, align-sorted
   \                     `?<Constant "----------">`:
   \   000000   2D2D2D2D2D2D DC8 "----------"
   \            2D2D2D2D00  

   \                                 In  segment DATA16_C, align 1, align-sorted
   \                     `?<Constant "<- RUN    ">`:
   \   000000   3C2D2052554E DC8 "<- RUN    "
   \            2020202000  

   \                                 In  segment DATA16_C, align 1, align-sorted
   \                     `?<Constant "   NEXT ->">`:
   \   000000   2020204E4558 DC8 "   NEXT ->"
   \            54202D3E00  

   \                                 In  segment DATA16_C, align 1, align-sorted
   \                     `?<Constant "   DRAW   ">`:
   \   000000   202020445241 DC8 "   DRAW   "
   \            5720202000  

   \                                 In  segment DATA16_C, align 1, align-sorted
   \                     `?<Constant "  CIRCLE  ">`:
   \   000000   202043495243 DC8 "  CIRCLE  "
   \            4C45202000  

   \                                 In  segment DATA16_C, align 1, align-sorted
   \                     `?<Constant " TRIANGLE ">`:
   \   000000   20545249414E DC8 " TRIANGLE "
   \            474C452000  

   \                                 In  segment DATA16_C, align 1, align-sorted
   \                     `?<Constant "          ">`:
   \   000000   202020202020 DC8 "          "
   \            2020202000  

   \                                 In  segment DATA16_C, align 1, align-sorted
   \                     `?<Constant "  DRAWING ">`:
   \   000000   202044524157 DC8 "  DRAWING "
   \            494E472000  

   \                                 In  segment DATA16_C, align 1, align-sorted
   \                     `?<Constant " FIGURE 8 ">`:
   \   000000   204649475552 DC8 " FIGURE 8 "
   \            4520382000  

   \                                 In  segment DATA16_C, align 1, align-sorted
   \                     `?<Constant " Triangle ">`:
   \   000000   20547269616E DC8 " Triangle "
   \            676C652000  

   \                                 In  segment DATA16_C, align 1, align-sorted
   \                     `?<Constant " Figure 8 ">`:
   \   000000   204669677572 DC8 " Figure 8 "
   \            6520382000  

   Maximum stack usage in bytes:

   CSTACK Function
   ------ --------
      8   program_start
        8   -> get_sw1
        8   -> get_sw2
        8   -> set_wheels_dir
        8   -> strcpy
        8 ?FLT_GE
        8 _Cast32uto32f
        8 _Mul32f


   Segment part sizes:

   Bytes  Function/Label
   -----  --------------
      11  ?<Constant "          ">
      11  ?<Constant "   DRAW   ">
      11  ?<Constant "   NEXT ->">
      11  ?<Constant "  CIRCLE  ">
      11  ?<Constant "  DRAWING ">
      11  ?<Constant " FIGURE 8 ">
      11  ?<Constant " Figure 8 ">
      11  ?<Constant " TRIANGLE ">
      11  ?<Constant " Triangle ">
      11  ?<Constant "----------">
      11  ?<Constant "<- RUN    ">
      11  ?<Constant "MAIN  MENU">
       1  ?<Initializer for CURR_SELECTION>
       2  CIR_ROT_TIME
       2  CIR_TIME
       1  CURR_EVENT
       1  CURR_SELECTION
       2  FIG8_NUM
       2  FIG8_ROT_TIME
       1  FIG8_STATE
       2  FIG8_TIME
       2  STARTUP_TIME
       2  TRI_NUM
       2  TRI_ROT_TIME45
       2  TRI_SIDE_TIME
       1  TRI_STATE
       2  TRI_TIME
    1070  program_start

 
 1 070 bytes in segment CODE
   140 bytes in segment DATA16_C
     1 byte  in segment DATA16_I
     1 byte  in segment DATA16_ID
    15 bytes in segment DATA16_Z
 
 1 070 bytes of CODE  memory
   141 bytes of CONST memory
    16 bytes of DATA  memory

Errors: none
Warnings: 5
