###############################################################################
#
# IAR C/C++ Compiler V7.21.1.1000/W32 for MSP430          02/Feb/2022  17:59:54
# Copyright 1996-2021 IAR Systems AB.
# PC-locked license - IAR Embedded Workbench for MSP430, 8K KickStart Edition 7.21
#
#    __rt_version  =  3
#    __double_size =  32
#    __reg_r4      =  free
#    __reg_r5      =  free
#    __pic         =  no
#    __core        =  430X
#    __data_model  =  small
#    __code_model  =  large
#    Source file   =  C:\Users\mwg22\Desktop\ECE-306_Code\Project_02\system.c
#    Command line  =  
#        -f C:\Users\mwg22\AppData\Local\Temp\EWF403.tmp
#        (C:\Users\mwg22\Desktop\ECE-306_Code\Project_02\system.c -lC
#        C:\Users\mwg22\Desktop\ECE-306_Code\Project_02\Debug\List -o
#        C:\Users\mwg22\Desktop\ECE-306_Code\Project_02\Debug\Obj --no_cse
#        --no_unroll --no_inline --no_code_motion --no_tbaa --debug
#        -D__MSP430FR2355__ -e --double=32 --dlib_config "C:\Program Files
#        (x86)\IAR Systems\Embedded Workbench 8.5_2\430\lib\dlib\dl430xlsfn.h"
#        -I ./ --core=430X --data_model=small -On --multiplier=32
#        --hw_workaround=CPU40 --code_model=large)
#    Locale        =  English_USA.1252
#    List file     =  
#        C:\Users\mwg22\Desktop\ECE-306_Code\Project_02\Debug\List\system.lst
#    Object file   =  
#        C:\Users\mwg22\Desktop\ECE-306_Code\Project_02\Debug\Obj\system.r43
#
###############################################################################

C:\Users\mwg22\Desktop\ECE-306_Code\Project_02\system.c
      1          //------------------------------------------------------------------------------
      2          //
      3          //  Description: This file contains the System Configurations
      4          //
      5          //  Jim Carlson
      6          //  Jan 2022
      7          //  Built with IAR Embedded Workbench Version: (7.21.1)
      8          //------------------------------------------------------------------------------
      9          
     10          //------------------------------------------------------------------------------
     11          #include  "functions.h"
     12          #include  "msp430.h"
     13          
     14          void enable_interrupts(void);
     15          
     16          //------------------------------------------------------------------------------
     17          // System Configurations
     18          
     19          // Tells the compiler to provide the value in reg as an input to an
     20          // inline assembly block.  Even though the block contains no instructions,
     21          // the compiler may not optimize it away, and is told that the value
     22          // may change and should not be relied upon.
     23          
     24          //inline void READ_AND_DISCARD(unsigned int reg) __attribute__((always_inline));
     25          //void READ_AND_DISCARD(unsigned int reg){
     26          //  asm volatile ("" : "=m" (reg) : "r" (reg));
     27          //}
     28          
     29          //inline void enable_interrupts(void) __attribute__((always_inline));

   \                                 In  segment CODE, align 2
     30          void enable_interrupts(void){
   \                     enable_interrupts:
     31            __bis_SR_register(GIE);     // enable interrupts
   \   000000   0343         NOP
   \   000002   32D2         BIS.W   #0x8, SR
     32          //  asm volatile ("eint \n");
     33          }
   \   000004   1001         RETA
     34          
     35          //inline void disable_interrupts(void) __attribute__((always_inline));
     36          //void disable_interrupts(void){
     37          //  asm volatile ("dint \n");
     38          //}
     39          

   Maximum stack usage in bytes:

   CSTACK Function
   ------ --------
      4   enable_interrupts


   Segment part sizes:

   Bytes  Function/Label
   -----  --------------
       6  enable_interrupts

 
 6 bytes in segment CODE
 
 6 bytes of CODE memory

Errors: none
Warnings: none
